app/build/outputs/logs/manifest-merger-release-report.txt
-- Merging decision tree log ---
manifest
ADDED from src\main\AndroidManifest.xml:2:1-56:12
INJECTED from src\main\AndroidManifest.xml:2:1-56:12
INJECTED from src\main\AndroidManifest.xml:2:1-56:12
INJECTED from src\main\AndroidManifest.xml:2:1-56:12
MERGED from [:FlycoDialog_Lib] AndroidManifest.xml:2:1-11:12
MERGED from [com.android.support:support-v4:28.0.0] AndroidManifest.xml:17:1-22:12
MERGED from [:libvlc-3.0.0-1.9.8.ll:] AndroidManifest.xml:2:1-13:12
MERGED from [com.android.support:recyclerview-v7:28.0.0] AndroidManifest.xml:17:1-22:12
MERGED from [com.android.support:appcompat-v7:28.0.0] AndroidManifest.xml:17:1-22:12
MERGED from [tv.danmaku.ijk.media:ijkplayer-java:0.8.4] AndroidManifest.xml:2:1-9:12
MERGED from [tv.danmaku.ijk.media:ijkplayer-armv7a:0.8.4] AndroidManifest.xml:2:1-9:12
MERGED from [com.antfortune.freeline:runtime-no-op:0.8.3] AndroidManifest.xml:2:1-14:12
MERGED from [com.android.support:support-media-compat:28.0.0] AndroidManifest.xml:17:1-22:12
MERGED from [com.android.support:support-fragment:28.0.0] AndroidManifest.xml:17:1-22:12
MERGED from [com.android.support:animated-vector-drawable:28.0.0] AndroidManifest.xml:17:1-22:12
MERGED from [com.android.support:support-core-ui:28.0.0] AndroidManifest.xml:17:1-22:12
MERGED from [com.android.support:support-core-utils:28.0.0] AndroidManifest.xml:17:1-22:12
MERGED from [com.android.support:support-vector-drawable:28.0.0] AndroidManifest.xml:17:1-22:12
MERGED from [com.android.support:loader:28.0.0] AndroidManifest.xml:17:1-22:12
MERGED from [com.android.support:viewpager:28.0.0] AndroidManifest.xml:17:1-22:12
MERGED from [com.android.support:coordinatorlayout:28.0.0] AndroidManifest.xml:17:1-22:12
MERGED from [com.android.support:drawerlayout:28.0.0] AndroidManifest.xml:17:1-22:12
MERGED from [com.android.support:slidingpanelayout:28.0.0] AndroidManifest.xml:17:1-22:12
MERGED from [com.android.support:customview:28.0.0] AndroidManifest.xml:17:1-22:12
MERGED from [com.android.support:swiperefreshlayout:28.0.0] AndroidManifest.xml:17:1-22:12
MERGED from [com.android.support:asynclayoutinflater:28.0.0] AndroidManifest.xml:17:1-22:12
MERGED from [com.android.support:support-compat:28.0.0] AndroidManifest.xml:17:1-24:12
MERGED from [com.android.support:versionedparcelable:28.0.0] AndroidManifest.xml:17:1-25:12
MERGED from [com.android.support:cursoradapter:28.0.0] AndroidManifest.xml:17:1-22:12
MERGED from [android.arch.lifecycle:runtime:1.1.1] AndroidManifest.xml:17:1-22:12
MERGED from [com.android.support:documentfile:28.0.0] AndroidManifest.xml:17:1-22:12
MERGED from [com.android.support:localbroadcastmanager:28.0.0] AndroidManifest.xml:17:1-22:12
MERGED from [com.android.support:print:28.0.0] AndroidManifest.xml:17:1-22:12
MERGED from [com.android.support:interpolator:28.0.0] AndroidManifest.xml:17:1-22:12
MERGED from [android.arch.lifecycle:viewmodel:1.1.1] AndroidManifest.xml:17:1-22:12
MERGED from [android.arch.lifecycle:livedata:1.1.1] AndroidManifest.xml:17:1-22:12
MERGED from [android.arch.lifecycle:livedata-core:1.1.1] AndroidManifest.xml:17:1-22:12
MERGED from [android.arch.core:runtime:1.1.1] AndroidManifest.xml:17:1-22:12
INJECTED from src\main\AndroidManifest.xml:2:1-56:12
INJECTED from src\main\AndroidManifest.xml:2:1-56:12
INJECTED from src\main\AndroidManifest.xml:2:1-56:12
	package
		ADDED from src\main\AndroidManifest.xml:3:5-39
		INJECTED from src\main\AndroidManifest.xml
		INJECTED from src\main\AndroidManifest.xml
	android:versionName
		INJECTED from src\main\AndroidManifest.xml
		ADDED from src\main\AndroidManifest.xml:2:1-56:12
		INJECTED from src\main\AndroidManifest.xml
	android:versionCode
		INJECTED from src\main\AndroidManifest.xml
		ADDED from src\main\AndroidManifest.xml:2:1-56:12
		INJECTED from src\main\AndroidManifest.xml
	xmlns:android
		ADDED from src\main\AndroidManifest.xml:2:11-69
uses-permission#android.permission.INTERNET
ADDED from src\main\AndroidManifest.xml:5:5-67
	android:name
		ADDED from src\main\AndroidManifest.xml:5:22-64
uses-permission#android.permission.ACCESS_WIFI_STATE
ADDED from src\main\AndroidManifest.xml:6:5-76
	android:name
		ADDED from src\main\AndroidManifest.xml:6:22-73
uses-permission#android.permission.CHANGE_WIFI_MULTICAST_STATE
ADDED from src\main\AndroidManifest.xml:7:5-86
	android:name
		ADDED from src\main\AndroidManifest.xml:7:22-83
uses-permission#android.permission.ACCESS_NETWORK_STATE
ADDED from src\main\AndroidManifest.xml:8:5-79
	android:name
		ADDED from src\main\AndroidManifest.xml:8:22-76
uses-permission#android.permission.WRITE_EXTERNAL_STORAGE
ADDED from src\main\AndroidManifest.xml:9:5-81
	android:name
		ADDED from src\main\AndroidManifest.xml:9:22-78
uses-permission#android.permission.READ_PHONE_STATE
ADDED from src\main\AndroidManifest.xml:10:5-75
	android:name
		ADDED from src\main\AndroidManifest.xml:10:22-72
uses-permission#android.permission.WRITE_SETTINGS
ADDED from src\main\AndroidManifest.xml:11:5-73
	android:name
		ADDED from src\main\AndroidManifest.xml:11:22-70
uses-permission#android.permission.WAKE_LOCK
ADDED from src\main\AndroidManifest.xml:12:5-68
	android:name
		ADDED from src\main\AndroidManifest.xml:12:22-65
uses-permission#android.permission.CHANGE_NETWORK_STATE
ADDED from src\main\AndroidManifest.xml:13:5-79
	android:name
		ADDED from src\main\AndroidManifest.xml:13:22-76
uses-permission#android.permission.CHANGE_WIFI_STATE
ADDED from src\main\AndroidManifest.xml:14:5-76
	android:name
		ADDED from src\main\AndroidManifest.xml:14:22-73
uses-permission#android.permission.READ_EXTERNAL_STORAGE
ADDED from src\main\AndroidManifest.xml:16:5-80
	android:name
		ADDED from src\main\AndroidManifest.xml:16:22-77
supports-screens
ADDED from src\main\AndroidManifest.xml:18:5-22:39
	android:largeScreens
		ADDED from src\main\AndroidManifest.xml:20:9-36
	android:smallScreens
		ADDED from src\main\AndroidManifest.xml:22:9-36
	android:normalScreens
		ADDED from src\main\AndroidManifest.xml:21:9-37
	android:anyDensity
		ADDED from src\main\AndroidManifest.xml:19:9-34
application
ADDED from src\main\AndroidManifest.xml:24:5-54:19
MERGED from [:libvlc-3.0.0-1.9.8.ll:] AndroidManifest.xml:7:5-11:19
MERGED from [:libvlc-3.0.0-1.9.8.ll:] AndroidManifest.xml:7:5-11:19
MERGED from [com.antfortune.freeline:runtime-no-op:0.8.3] AndroidManifest.xml:11:5-12:19
MERGED from [com.antfortune.freeline:runtime-no-op:0.8.3] AndroidManifest.xml:11:5-12:19
MERGED from [com.android.support:support-compat:28.0.0] AndroidManifest.xml:22:5-94
MERGED from [com.android.support:support-compat:28.0.0] AndroidManifest.xml:22:5-94
MERGED from [com.android.support:versionedparcelable:28.0.0] AndroidManifest.xml:22:5-23:19
MERGED from [com.android.support:versionedparcelable:28.0.0] AndroidManifest.xml:22:5-23:19
	android:appComponentFactory
		ADDED from [com.android.support:support-compat:28.0.0] AndroidManifest.xml:22:18-91
	android:label
		ADDED from src\main\AndroidManifest.xml:28:9-41
	android:icon
		ADDED from src\main\AndroidManifest.xml:27:9-42
	android:allowBackup
		ADDED from src\main\AndroidManifest.xml:26:9-35
	android:theme
		ADDED from src\main\AndroidManifest.xml:29:9-56
	android:name
		ADDED from src\main\AndroidManifest.xml:25:9-70
activity#au.com.CarDVR.Roadvision.ViewPagerDemoActivity
ADDED from src\main\AndroidManifest.xml:30:9-41:20
	android:screenOrientation
		ADDED from src\main\AndroidManifest.xml:35:13-49
	android:label
		ADDED from src\main\AndroidManifest.xml:33:13-45
	android:noHistory
		ADDED from src\main\AndroidManifest.xml:34:13-37
	android:configChanges
		ADDED from src\main\AndroidManifest.xml:32:13-63
	android:name
		ADDED from src\main\AndroidManifest.xml:31:13-74
intent-filter#action:name:android.intent.action.MAIN+category:name:android.intent.category.LAUNCHER
ADDED from src\main\AndroidManifest.xml:36:13-40:29
action#android.intent.action.MAIN
ADDED from src\main\AndroidManifest.xml:37:17-69
	android:name
		ADDED from src\main\AndroidManifest.xml:37:25-66
category#android.intent.category.LAUNCHER
ADDED from src\main\AndroidManifest.xml:39:17-77
	android:name
		ADDED from src\main\AndroidManifest.xml:39:27-74
activity#au.com.CarDVR.Roadvision.MainActivity
ADDED from src\main\AndroidManifest.xml:42:9-46:61
	android:screenOrientation
		ADDED from src\main\AndroidManifest.xml:46:13-49
	android:label
		ADDED from src\main\AndroidManifest.xml:45:13-45
	android:configChanges
		ADDED from src\main\AndroidManifest.xml:44:13-63
	android:name
		ADDED from src\main\AndroidManifest.xml:43:13-65
activity#au.com.CarDVR.Roadvision.Viewer.StreamPlayerActivity
ADDED from src\main\AndroidManifest.xml:47:9-49:77
	android:configChanges
		ADDED from src\main\AndroidManifest.xml:49:13-74
	android:name
		ADDED from src\main\AndroidManifest.xml:48:13-80
activity#au.com.CarDVR.Roadvision.ImagebrowseActivity
ADDED from src\main\AndroidManifest.xml:50:9-90
	android:name
		ADDED from src\main\AndroidManifest.xml:50:19-78
activity#ijkplay.OriginPlayerActivity
ADDED from src\main\AndroidManifest.xml:51:9-53:25
	android:configChanges
		ADDED from src\main\AndroidManifest.xml:52:13-74
	android:name
		ADDED from src\main\AndroidManifest.xml:51:19-62
uses-sdk
INJECTED from src\main\AndroidManifest.xml reason: use-sdk injection requested
INJECTED from src\main\AndroidManifest.xml
INJECTED from src\main\AndroidManifest.xml
MERGED from [:FlycoDialog_Lib] AndroidManifest.xml:7:5-9:41
MERGED from [:FlycoDialog_Lib] AndroidManifest.xml:7:5-9:41
MERGED from [com.android.support:support-v4:28.0.0] AndroidManifest.xml:20:5-44
MERGED from [com.android.support:support-v4:28.0.0] AndroidManifest.xml:20:5-44
MERGED from [com.android.support:recyclerview-v7:28.0.0] AndroidManifest.xml:20:5-44
MERGED from [com.android.support:recyclerview-v7:28.0.0] AndroidManifest.xml:20:5-44
MERGED from [com.android.support:appcompat-v7:28.0.0] AndroidManifest.xml:20:5-44
MERGED from [com.android.support:appcompat-v7:28.0.0] AndroidManifest.xml:20:5-44
MERGED from [tv.danmaku.ijk.media:ijkplayer-java:0.8.4] AndroidManifest.xml:5:5-7:41
MERGED from [tv.danmaku.ijk.media:ijkplayer-java:0.8.4] AndroidManifest.xml:5:5-7:41
MERGED from [tv.danmaku.ijk.media:ijkplayer-armv7a:0.8.4] AndroidManifest.xml:5:5-7:41
MERGED from [tv.danmaku.ijk.media:ijkplayer-armv7a:0.8.4] AndroidManifest.xml:5:5-7:41
MERGED from [com.antfortune.freeline:runtime-no-op:0.8.3] AndroidManifest.xml:7:5-9:41
MERGED from [com.antfortune.freeline:runtime-no-op:0.8.3] AndroidManifest.xml:7:5-9:41
MERGED from [com.android.support:support-media-compat:28.0.0] AndroidManifest.xml:20:5-44
MERGED from [com.android.support:support-media-compat:28.0.0] AndroidManifest.xml:20:5-44
MERGED from [com.android.support:support-fragment:28.0.0] AndroidManifest.xml:20:5-44
MERGED from [com.android.support:support-fragment:28.0.0] AndroidManifest.xml:20:5-44
MERGED from [com.android.support:animated-vector-drawable:28.0.0] AndroidManifest.xml:20:5-44
MERGED from [com.android.support:animated-vector-drawable:28.0.0] AndroidManifest.xml:20:5-44
MERGED from [com.android.support:support-core-ui:28.0.0] AndroidManifest.xml:20:5-44
MERGED from [com.android.support:support-core-ui:28.0.0] AndroidManifest.xml:20:5-44
MERGED from [com.android.support:support-core-utils:28.0.0] AndroidManifest.xml:20:5-44
MERGED from [com.android.support:support-core-utils:28.0.0] AndroidManifest.xml:20:5-44
MERGED from [com.android.support:support-vector-drawable:28.0.0] AndroidManifest.xml:20:5-44
MERGED from [com.android.support:support-vector-drawable:28.0.0] AndroidManifest.xml:20:5-44
MERGED from [com.android.support:loader:28.0.0] AndroidManifest.xml:20:5-44
MERGED from [com.android.support:loader:28.0.0] AndroidManifest.xml:20:5-44
MERGED from [com.android.support:viewpager:28.0.0] AndroidManifest.xml:20:5-44
MERGED from [com.android.support:viewpager:28.0.0] AndroidManifest.xml:20:5-44
MERGED from [com.android.support:coordinatorlayout:28.0.0] AndroidManifest.xml:20:5-44
MERGED from [com.android.support:coordinatorlayout:28.0.0] AndroidManifest.xml:20:5-44
MERGED from [com.android.support:drawerlayout:28.0.0] AndroidManifest.xml:20:5-44
MERGED from [com.android.support:drawerlayout:28.0.0] AndroidManifest.xml:20:5-44
MERGED from [com.android.support:slidingpanelayout:28.0.0] AndroidManifest.xml:20:5-44
MERGED from [com.android.support:slidingpanelayout:28.0.0] AndroidManifest.xml:20:5-44
MERGED from [com.android.support:customview:28.0.0] AndroidManifest.xml:20:5-44
MERGED from [com.android.support:customview:28.0.0] AndroidManifest.xml:20:5-44
MERGED from [com.android.support:swiperefreshlayout:28.0.0] AndroidManifest.xml:20:5-44
MERGED from [com.android.support:swiperefreshlayout:28.0.0] AndroidManifest.xml:20:5-44
MERGED from [com.android.support:asynclayoutinflater:28.0.0] AndroidManifest.xml:20:5-44
MERGED from [com.android.support:asynclayoutinflater:28.0.0] AndroidManifest.xml:20:5-44
MERGED from [com.android.support:support-compat:28.0.0] AndroidManifest.xml:20:5-44
MERGED from [com.android.support:support-compat:28.0.0] AndroidManifest.xml:20:5-44
MERGED from [com.android.support:versionedparcelable:28.0.0] AndroidManifest.xml:20:5-44
MERGED from [com.android.support:versionedparcelable:28.0.0] AndroidManifest.xml:20:5-44
MERGED from [com.android.support:cursoradapter:28.0.0] AndroidManifest.xml:20:5-44
MERGED from [com.android.support:cursoradapter:28.0.0] AndroidManifest.xml:20:5-44
MERGED from [android.arch.lifecycle:runtime:1.1.1] AndroidManifest.xml:20:5-44
MERGED from [android.arch.lifecycle:runtime:1.1.1] AndroidManifest.xml:20:5-44
MERGED from [com.android.support:documentfile:28.0.0] AndroidManifest.xml:20:5-44
MERGED from [com.android.support:documentfile:28.0.0] AndroidManifest.xml:20:5-44
MERGED from [com.android.support:localbroadcastmanager:28.0.0] AndroidManifest.xml:20:5-44
MERGED from [com.android.support:localbroadcastmanager:28.0.0] AndroidManifest.xml:20:5-44
MERGED from [com.android.support:print:28.0.0] AndroidManifest.xml:20:5-44
MERGED from [com.android.support:print:28.0.0] AndroidManifest.xml:20:5-44
MERGED from [com.android.support:interpolator:28.0.0] AndroidManifest.xml:20:5-44
MERGED from [com.android.support:interpolator:28.0.0] AndroidManifest.xml:20:5-44
MERGED from [android.arch.lifecycle:viewmodel:1.1.1] AndroidManifest.xml:20:5-44
MERGED from [android.arch.lifecycle:viewmodel:1.1.1] AndroidManifest.xml:20:5-44
MERGED from [android.arch.lifecycle:livedata:1.1.1] AndroidManifest.xml:20:5-44
MERGED from [android.arch.lifecycle:livedata:1.1.1] AndroidManifest.xml:20:5-44
MERGED from [android.arch.lifecycle:livedata-core:1.1.1] AndroidManifest.xml:20:5-44
MERGED from [android.arch.lifecycle:livedata-core:1.1.1] AndroidManifest.xml:20:5-44
MERGED from [android.arch.core:runtime:1.1.1] AndroidManifest.xml:20:5-44
MERGED from [android.arch.core:runtime:1.1.1] AndroidManifest.xml:20:5-44
INJECTED from src\main\AndroidManifest.xml:8:9-10:45
INJECTED from src\main\AndroidManifest.xml:8:9-10:45
	android:targetSdkVersion
		INJECTED from src\main\AndroidManifest.xml
		ADDED from src\main\AndroidManifest.xml
		INJECTED from src\main\AndroidManifest.xml
	android:minSdkVersion
		INJECTED from src\main\AndroidManifest.xml
		ADDED from src\main\AndroidManifest.xml
		INJECTED from src\main\AndroidManifest.xml